<?xml version="1.0" encoding="UTF-8"?>
<testsuite name="com.epam.esm.validator.GiftCertificateValidatorTest" tests="11" skipped="0" failures="0" errors="0" timestamp="2021-09-03T06:34:54" hostname="LAPTOP-JB9I88VC" time="0.03">
  <properties/>
  <testcase name="testShouldThrowExceptionWhenNoFieldsAreFilledForCreation()" classname="com.epam.esm.validator.GiftCertificateValidatorTest" time="0.016"/>
  <testcase name="testShouldThrowExceptionWhenDurationIsNegative()" classname="com.epam.esm.validator.GiftCertificateValidatorTest" time="0.001"/>
  <testcase name="testShouldWorkCorrectlyWhenPriceIsPositiveForUpdating()" classname="com.epam.esm.validator.GiftCertificateValidatorTest" time="0.0"/>
  <testcase name="testShouldThrowExceptionWhenDescriptionFieldNotFilledForCreation()" classname="com.epam.esm.validator.GiftCertificateValidatorTest" time="0.001"/>
  <testcase name="testShouldThrowExceptionWhenNameFieldNotFilledForCreation()" classname="com.epam.esm.validator.GiftCertificateValidatorTest" time="0.0"/>
  <testcase name="testShouldWorkCorrectlyWhenAllFieldsAreFilledForCreation()" classname="com.epam.esm.validator.GiftCertificateValidatorTest" time="0.001"/>
  <testcase name="testShouldThrowExceptionWhenPriceFieldNotFilledForCreation()" classname="com.epam.esm.validator.GiftCertificateValidatorTest" time="0.001"/>
  <testcase name="testShouldWorkCorrectlyWhenDurationIsPositive()" classname="com.epam.esm.validator.GiftCertificateValidatorTest" time="0.0"/>
  <testcase name="testShouldThrowExceptionWhenPriceIsNegativeForCreation()" classname="com.epam.esm.validator.GiftCertificateValidatorTest" time="0.001"/>
  <testcase name="testShouldThrowExceptionWhenDurationFieldNotFilledForCreation()" classname="com.epam.esm.validator.GiftCertificateValidatorTest" time="0.001"/>
  <testcase name="testShouldThrowExceptionWhenPriceIsNegative()" classname="com.epam.esm.validator.GiftCertificateValidatorTest" time="0.001"/>
  <system-out><![CDATA[]]></system-out>
  <system-err><![CDATA[]]></system-err>
</testsuite>
